[debug] [2024-10-16T07:48:24.028Z] ----------------------------------------------------------------------
[debug] [2024-10-16T07:48:24.032Z] Command:       C:\Program Files\nodejs\node.exe C:\Users\anike\AppData\Roaming\npm\node_modules\firebase-tools\lib\bin\firebase.js emulators:start
[debug] [2024-10-16T07:48:24.032Z] CLI Version:   13.22.0
[debug] [2024-10-16T07:48:24.032Z] Platform:      win32
[debug] [2024-10-16T07:48:24.033Z] Node Version:  v20.15.1
[debug] [2024-10-16T07:48:24.033Z] Time:          Wed Oct 16 2024 13:18:24 GMT+0530 (India Standard Time)
[debug] [2024-10-16T07:48:24.033Z] ----------------------------------------------------------------------
[debug] 
[debug] [2024-10-16T07:48:24.210Z] > command requires scopes: ["email","openid","https://www.googleapis.com/auth/cloudplatformprojects.readonly","https://www.googleapis.com/auth/firebase","https://www.googleapis.com/auth/cloud-platform"]
[debug] [2024-10-16T07:48:24.210Z] > authorizing via signed-in user (aniketkorwa@gmail.com)
[info] i  emulators: Starting emulators: functions, hosting, extensions {"metadata":{"emulator":{"name":"hub"},"message":"Starting emulators: functions, hosting, extensions"}}
[debug] [2024-10-16T07:48:24.216Z] Checked if tokens are valid: false, expires at: 1729065246615
[debug] [2024-10-16T07:48:24.216Z] Checked if tokens are valid: false, expires at: 1729065246615
[debug] [2024-10-16T07:48:24.216Z] > refreshing access token with scopes: []
[debug] [2024-10-16T07:48:24.219Z] >>> [apiv2][query] POST https://www.googleapis.com/oauth2/v3/token [none]
[debug] [2024-10-16T07:48:24.219Z] >>> [apiv2][body] POST https://www.googleapis.com/oauth2/v3/token [omitted]
[debug] [2024-10-16T07:48:24.788Z] <<< [apiv2][status] POST https://www.googleapis.com/oauth2/v3/token 200
[debug] [2024-10-16T07:48:24.789Z] <<< [apiv2][body] POST https://www.googleapis.com/oauth2/v3/token [omitted]
[debug] [2024-10-16T07:48:24.816Z] >>> [apiv2][query] GET https://firebase.googleapis.com/v1beta1/projects/clone-2676d [none]
[debug] [2024-10-16T07:48:25.784Z] <<< [apiv2][status] GET https://firebase.googleapis.com/v1beta1/projects/clone-2676d 200
[debug] [2024-10-16T07:48:25.785Z] <<< [apiv2][body] GET https://firebase.googleapis.com/v1beta1/projects/clone-2676d {"projectId":"clone-2676d","projectNumber":"223245048968","displayName":"Amazon-Clone","name":"projects/clone-2676d","resources":{"hostingSite":"clone-2676d"},"state":"ACTIVE","etag":"1_ce01b9d1-3ae5-4533-bc89-a105f85fc903"}
[debug] [2024-10-16T07:48:25.800Z] [logging] Logging Emulator only supports listening on one address (127.0.0.1). Not listening on ::1
[debug] [2024-10-16T07:48:25.801Z] [hosting] Hosting Emulator only supports listening on one address (127.0.0.1). Not listening on ::1
[warn] !  ui: Emulator UI unable to start on port 4000, starting on 4001 instead. {"metadata":{"emulator":{"name":"ui"},"message":"Emulator UI unable to start on port 4000, starting on 4001 instead."}}
[debug] [2024-10-16T07:48:25.803Z] assigned listening specs for emulators {"user":{"hub":[{"address":"127.0.0.1","family":"IPv4","port":4400},{"address":"::1","family":"IPv6","port":4400}],"logging":[{"address":"127.0.0.1","family":"IPv4","port":4500}],"hosting":[{"address":"127.0.0.1","family":"IPv4","port":5000}],"ui":[{"address":"127.0.0.1","family":"IPv4","port":4001},{"address":"::1","family":"IPv6","port":4001}]},"metadata":{"message":"assigned listening specs for emulators"}}
[debug] [2024-10-16T07:48:25.811Z] [hub] writing locator at C:\Users\anike\AppData\Local\Temp\hub-clone-2676d.json
[debug] [2024-10-16T07:48:25.823Z] [Extensions] Started Extensions emulator, this is a noop.
[debug] [2024-10-16T07:48:25.833Z] [functions] Functions Emulator only supports listening on one address (127.0.0.1). Not listening on ::1
[debug] [2024-10-16T07:48:25.833Z] [eventarc] Eventarc Emulator only supports listening on one address (127.0.0.1). Not listening on ::1
[debug] [2024-10-16T07:48:25.833Z] [tasks] Cloud Tasks Emulator only supports listening on one address (127.0.0.1). Not listening on ::1
[debug] [2024-10-16T07:48:25.833Z] late-assigned ports for functions and eventarc emulators {"user":{"hub":[{"address":"127.0.0.1","family":"IPv4","port":4400},{"address":"::1","family":"IPv6","port":4400}],"logging":[{"address":"127.0.0.1","family":"IPv4","port":4500}],"hosting":[{"address":"127.0.0.1","family":"IPv4","port":5000}],"ui":[{"address":"127.0.0.1","family":"IPv4","port":4001},{"address":"::1","family":"IPv6","port":4001}],"functions":[{"address":"127.0.0.1","family":"IPv4","port":5001}],"eventarc":[{"address":"127.0.0.1","family":"IPv4","port":9299}],"tasks":[{"address":"127.0.0.1","family":"IPv4","port":9499}]},"metadata":{"message":"late-assigned ports for functions and eventarc emulators"}}
[warn] !  functions: The following emulators are not running, calls to these services from the Functions emulator will affect production: auth, firestore, database, pubsub, storage, dataconnect {"metadata":{"emulator":{"name":"functions"},"message":"The following emulators are not running, calls to these services from the Functions emulator will affect production: \u001b[1mauth, firestore, database, pubsub, storage, dataconnect\u001b[22m"}}
[debug] [2024-10-16T07:48:25.840Z] defaultcredentials: writing to file C:\Users\anike\AppData\Roaming\firebase\aniketkorwa_gmail_com_application_default_credentials.json
[debug] [2024-10-16T07:48:25.843Z] Setting GAC to C:\Users\anike\AppData\Roaming\firebase\aniketkorwa_gmail_com_application_default_credentials.json {"metadata":{"emulator":{"name":"functions"},"message":"Setting GAC to C:\\Users\\anike\\AppData\\Roaming\\firebase\\aniketkorwa_gmail_com_application_default_credentials.json"}}
[debug] [2024-10-16T07:48:25.844Z] Checked if tokens are valid: true, expires at: 1729068503789
[debug] [2024-10-16T07:48:25.844Z] Checked if tokens are valid: true, expires at: 1729068503789
[debug] [2024-10-16T07:48:25.844Z] >>> [apiv2][query] GET https://firebase.googleapis.com/v1beta1/projects/clone-2676d/adminSdkConfig [none]
[debug] [2024-10-16T07:48:26.260Z] <<< [apiv2][status] GET https://firebase.googleapis.com/v1beta1/projects/clone-2676d/adminSdkConfig 200
[debug] [2024-10-16T07:48:26.260Z] <<< [apiv2][body] GET https://firebase.googleapis.com/v1beta1/projects/clone-2676d/adminSdkConfig {"projectId":"clone-2676d","storageBucket":"clone-2676d.appspot.com"}
[debug] [2024-10-16T07:48:26.293Z] Checked if tokens are valid: true, expires at: 1729068503789
[debug] [2024-10-16T07:48:26.293Z] Checked if tokens are valid: true, expires at: 1729068503789
[debug] [2024-10-16T07:48:26.293Z] >>> [apiv2][query] GET https://firebasehosting.googleapis.com/v1beta1/projects/clone-2676d/sites 
[debug] [2024-10-16T07:48:27.774Z] <<< [apiv2][status] GET https://firebasehosting.googleapis.com/v1beta1/projects/clone-2676d/sites 200
[debug] [2024-10-16T07:48:27.774Z] <<< [apiv2][body] GET https://firebasehosting.googleapis.com/v1beta1/projects/clone-2676d/sites {"sites":[{"name":"projects/clone-2676d/sites/clone-2676d","defaultUrl":"https://clone-2676d.web.app","appId":"1:223245048968:web:83dc55e765336d4e0e133d","type":"DEFAULT_SITE"}]}
[debug] [2024-10-16T07:48:27.774Z] Checked if tokens are valid: true, expires at: 1729068503789
[debug] [2024-10-16T07:48:27.774Z] Checked if tokens are valid: true, expires at: 1729068503789
[debug] [2024-10-16T07:48:27.774Z] >>> [apiv2][query] GET https://firebase.googleapis.com/v1beta1/projects/clone-2676d/webApps/1:223245048968:web:83dc55e765336d4e0e133d/config [none]
[debug] [2024-10-16T07:48:28.537Z] <<< [apiv2][status] GET https://firebase.googleapis.com/v1beta1/projects/clone-2676d/webApps/1:223245048968:web:83dc55e765336d4e0e133d/config 200
[debug] [2024-10-16T07:48:28.537Z] <<< [apiv2][body] GET https://firebase.googleapis.com/v1beta1/projects/clone-2676d/webApps/1:223245048968:web:83dc55e765336d4e0e133d/config {"projectId":"clone-2676d","appId":"1:223245048968:web:83dc55e765336d4e0e133d","storageBucket":"clone-2676d.appspot.com","apiKey":"AIzaSyBBj9xeZjsKnlaf3GDmKcznD_Uf11pnMbM","authDomain":"clone-2676d.firebaseapp.com","messagingSenderId":"223245048968","measurementId":"G-4RKP4C0B42"}
[debug] [2024-10-16T07:48:28.542Z] Checked if tokens are valid: true, expires at: 1729068503789
[debug] [2024-10-16T07:48:28.542Z] Checked if tokens are valid: true, expires at: 1729068503789
[debug] [2024-10-16T07:48:28.542Z] >>> [apiv2][query] GET https://firebase.googleapis.com/v1beta1/projects/clone-2676d [none]
[debug] [2024-10-16T07:48:29.050Z] <<< [apiv2][status] GET https://firebase.googleapis.com/v1beta1/projects/clone-2676d 200
[debug] [2024-10-16T07:48:29.051Z] <<< [apiv2][body] GET https://firebase.googleapis.com/v1beta1/projects/clone-2676d {"projectId":"clone-2676d","projectNumber":"223245048968","displayName":"Amazon-Clone","name":"projects/clone-2676d","resources":{"hostingSite":"clone-2676d"},"state":"ACTIVE","etag":"1_ce01b9d1-3ae5-4533-bc89-a105f85fc903"}
[info] i  hosting[clone-2676d]: Serving hosting files from: build {"metadata":{"emulator":{"name":"hosting"},"message":"Serving hosting files from: \u001b[1mbuild\u001b[22m"}}
[info] +  hosting[clone-2676d]: Local server: http://127.0.0.1:5000 {"metadata":{"emulator":{"name":"hosting"},"message":"Local server: \u001b[4m\u001b[1mhttp://127.0.0.1:5000\u001b[22m\u001b[24m"}}
[debug] [2024-10-16T07:48:29.074Z] Ignoring unsupported arg: auto_download {"metadata":{"emulator":{"name":"ui"},"message":"Ignoring unsupported arg: auto_download"}}
[debug] [2024-10-16T07:48:29.074Z] Ignoring unsupported arg: port {"metadata":{"emulator":{"name":"ui"},"message":"Ignoring unsupported arg: port"}}
[debug] [2024-10-16T07:48:29.075Z] Starting Emulator UI with command {"binary":"node","args":["C:\\Users\\anike\\.cache\\firebase\\emulators\\ui-v1.14.0\\server\\server.mjs"],"optionalArgs":[],"joinArgs":false,"shell":false,"port":4000} {"metadata":{"emulator":{"name":"ui"},"message":"Starting Emulator UI with command {\"binary\":\"node\",\"args\":[\"C:\\\\Users\\\\anike\\\\.cache\\\\firebase\\\\emulators\\\\ui-v1.14.0\\\\server\\\\server.mjs\"],\"optionalArgs\":[],\"joinArgs\":false,\"shell\":false,\"port\":4000}"}}
[info] i  ui: Emulator UI logging to ui-debug.log {"metadata":{"emulator":{"name":"ui"},"message":"Emulator UI logging to \u001b[1mui-debug.log\u001b[22m"}}
[debug] [2024-10-16T07:48:29.287Z] Web / API server started at 127.0.0.1:4001
 {"metadata":{"emulator":{"name":"ui"},"message":"Web / API server started at 127.0.0.1:4001\n"}}
[debug] [2024-10-16T07:48:29.288Z] Web / API server started at ::1:4001
 {"metadata":{"emulator":{"name":"ui"},"message":"Web / API server started at ::1:4001\n"}}
[debug] [2024-10-16T07:48:29.297Z] [Extensions] Connecting Extensions emulator, this is a noop.
[info] i  functions: Watching "D:\web dev bootcamp (Prof. Angela)\amazon-Clone\amazon-clone\functions" for Cloud Functions... {"metadata":{"emulator":{"name":"functions"},"message":"Watching \"D:\\web dev bootcamp (Prof. Angela)\\amazon-Clone\\amazon-clone\\functions\" for Cloud Functions..."}}
[debug] [2024-10-16T07:48:29.308Z] Validating nodejs source
[debug] [2024-10-16T07:48:31.120Z] > [functions] package.json contents: {
  "name": "functions",
  "description": "Cloud Functions for Firebase",
  "scripts": {
    "lint": "eslint .",
    "serve": "firebase emulators:start --only functions",
    "shell": "firebase functions:shell",
    "start": "npm run shell",
    "deploy": "firebase deploy --only functions",
    "logs": "firebase functions:log"
  },
  "engines": {
    "node": "20"
  },
  "main": "index.js",
  "dependencies": {
    "firebase-admin": "^12.1.0",
    "firebase-functions": "^6.0.1",
    "functions": "file:"
  },
  "devDependencies": {
    "eslint": "^8.15.0",
    "eslint-config-google": "^0.14.0",
    "firebase-functions-test": "^3.1.0"
  },
  "private": true
}
[debug] [2024-10-16T07:48:31.120Z] Building nodejs source
[debug] [2024-10-16T07:48:31.121Z] Failed to find version of module node: reached end of search path D:\web dev bootcamp (Prof. Angela)\amazon-Clone\amazon-clone\functions\node_modules
[info] +  functions: Using node@20 from host. 
[debug] [2024-10-16T07:48:31.124Z] Could not find functions.yaml. Must use http discovery
[debug] [2024-10-16T07:48:31.135Z] Found firebase-functions binary at 'D:\web dev bootcamp (Prof. Angela)\amazon-Clone\amazon-clone\functions\node_modules\.bin\firebase-functions'
[info] Serving at port 8678

[debug] [2024-10-16T07:48:32.051Z] Got response from /__/functions.yaml {"endpoints":{"api":{"availableMemoryMb":null,"timeoutSeconds":null,"minInstances":null,"maxInstances":null,"ingressSettings":null,"concurrency":null,"serviceAccountEmail":null,"vpc":null,"platform":"gcfv2","labels":{},"httpsTrigger":{},"entryPoint":"api"}},"specVersion":"v1alpha1","requiredAPIs":[],"extensions":{}}
[debug] [2024-10-16T07:48:37.091Z] defaultcredentials: writing to file C:\Users\anike\AppData\Roaming\firebase\aniketkorwa_gmail_com_application_default_credentials.json
[debug] [2024-10-16T07:48:37.092Z] Setting GAC to C:\Users\anike\AppData\Roaming\firebase\aniketkorwa_gmail_com_application_default_credentials.json {"metadata":{"emulator":{"name":"functions"},"message":"Setting GAC to C:\\Users\\anike\\AppData\\Roaming\\firebase\\aniketkorwa_gmail_com_application_default_credentials.json"}}
[info] +  functions: Loaded functions definitions from source: api. {"metadata":{"emulator":{"name":"functions"},"message":"Loaded functions definitions from source: api."}}
[info] +  functions[us-central1-api]: http function initialized (http://127.0.0.1:5001/clone-2676d/us-central1/api). {"metadata":{"emulator":{"name":"functions"},"message":"\u001b[1mhttp\u001b[22m function initialized (http://127.0.0.1:5001/clone-2676d/us-central1/api)."}}
[debug] [2024-10-16T07:48:37.105Z] Could not find VSCode notification endpoint: FetchError: request to http://localhost:40001/vscode/notify failed, reason: . If you are not running the Firebase Data Connect VSCode extension, this is expected and not an issue.
[info] 
┌─────────────────────────────────────────────────────────────┐
│ ✔  All emulators ready! It is now safe to connect your app. │
│ i  View Emulator UI at http://127.0.0.1:4001/               │
└─────────────────────────────────────────────────────────────┘

┌────────────┬────────────────┬──────────────────────────────────┐
│ Emulator   │ Host:Port      │ View in Emulator UI              │
├────────────┼────────────────┼──────────────────────────────────┤
│ Functions  │ 127.0.0.1:5001 │ http://127.0.0.1:4001/functions  │
├────────────┼────────────────┼──────────────────────────────────┤
│ Hosting    │ 127.0.0.1:5000 │ n/a                              │
├────────────┼────────────────┼──────────────────────────────────┤
│ Extensions │ 127.0.0.1:5001 │ http://127.0.0.1:4001/extensions │
└────────────┴────────────────┴──────────────────────────────────┘
  Emulator Hub running at 127.0.0.1:4400
  Other reserved ports: 4500
┌─────────────────────────┬───────────────┬─────────────────────┐
│ Extension Instance Name │ Extension Ref │ View in Emulator UI │
└─────────────────────────┴───────────────┴─────────────────────┘
Issues? Report them at https://github.com/firebase/firebase-tools/issues and attach the *-debug.log files.
 
[debug] [2024-10-16T07:50:08.492Z] [work-queue] {"queuedWork":["/clone-2676d/us-central1/api/payments/create-2024-10-16T07:50:08.492Z"],"queueLength":1,"runningWork":[],"workRunningCount":0}
[debug] [2024-10-16T07:50:08.493Z] [work-queue] {"queuedWork":[],"queueLength":0,"runningWork":["/clone-2676d/us-central1/api/payments/create-2024-10-16T07:50:08.492Z"],"workRunningCount":1}
[debug] [2024-10-16T07:50:08.494Z] Accepted request POST /clone-2676d/us-central1/api/payments/create?total=97998 --> us-central1-api
[debug] [2024-10-16T07:50:08.498Z] [functions] Runtime ready! Sending request! {"metadata":{"emulator":{"name":"functions"},"message":"[functions] Runtime ready! Sending request!"}}
[debug] [2024-10-16T07:50:08.499Z] [functions] Got req.url=/clone-2676d/us-central1/api/payments/create?total=97998, mapping to path=/payments/create?total=97998 {"metadata":{"emulator":{"name":"functions"},"message":"[functions] Got req.url=/clone-2676d/us-central1/api/payments/create?total=97998, mapping to path=/payments/create?total=97998"}}
[debug] [2024-10-16T07:50:08.517Z] [worker-pool] addWorker(us-central1-api) {"metadata":{"emulator":{"name":"functions"},"message":"[worker-pool] addWorker(us-central1-api)"}}
[debug] [2024-10-16T07:50:08.519Z] [worker-pool] Adding worker with key us-central1-api, total=1 {"metadata":{"emulator":{"name":"functions"},"message":"[worker-pool] Adding worker with key us-central1-api, total=1"}}
[debug] [2024-10-16T07:50:08.523Z] [work-queue] {"queuedWork":["/clone-2676d/us-central1/api/payments/create-2024-10-16T07:50:08.523Z"],"queueLength":1,"runningWork":["/clone-2676d/us-central1/api/payments/create-2024-10-16T07:50:08.492Z"],"workRunningCount":1}
[debug] [2024-10-16T07:50:08.524Z] [work-queue] {"queuedWork":[],"queueLength":0,"runningWork":["/clone-2676d/us-central1/api/payments/create-2024-10-16T07:50:08.492Z","/clone-2676d/us-central1/api/payments/create-2024-10-16T07:50:08.523Z"],"workRunningCount":2}
[debug] [2024-10-16T07:50:08.524Z] Accepted request POST /clone-2676d/us-central1/api/payments/create?total=97998 --> us-central1-api
[debug] [2024-10-16T07:50:08.528Z] [functions] Runtime ready! Sending request! {"metadata":{"emulator":{"name":"functions"},"message":"[functions] Runtime ready! Sending request!"}}
[debug] [2024-10-16T07:50:08.528Z] [functions] Got req.url=/clone-2676d/us-central1/api/payments/create?total=97998, mapping to path=/payments/create?total=97998 {"metadata":{"emulator":{"name":"functions"},"message":"[functions] Got req.url=/clone-2676d/us-central1/api/payments/create?total=97998, mapping to path=/payments/create?total=97998"}}
[debug] [2024-10-16T07:50:08.539Z] [worker-pool] addWorker(us-central1-api) {"metadata":{"emulator":{"name":"functions"},"message":"[worker-pool] addWorker(us-central1-api)"}}
[debug] [2024-10-16T07:50:08.540Z] [worker-pool] Adding worker with key us-central1-api, total=2 {"metadata":{"emulator":{"name":"functions"},"message":"[worker-pool] Adding worker with key us-central1-api, total=2"}}
[debug] [2024-10-16T07:50:10.718Z] [runtime-status] [32392] Resolved module firebase-admin {"declared":true,"installed":true,"version":"12.6.0","resolution":"D:\\web dev bootcamp (Prof. Angela)\\amazon-Clone\\amazon-clone\\functions\\node_modules\\firebase-admin\\lib\\index.js"} {"metadata":{"emulator":{"name":"functions"},"function":{"name":"us-central1-api"},"extension":{},"message":"[runtime-status] [32392] Resolved module firebase-admin {\"declared\":true,\"installed\":true,\"version\":\"12.6.0\",\"resolution\":\"D:\\\\web dev bootcamp (Prof. Angela)\\\\amazon-Clone\\\\amazon-clone\\\\functions\\\\node_modules\\\\firebase-admin\\\\lib\\\\index.js\"}"}}
[debug] [2024-10-16T07:50:10.719Z] [runtime-status] [32392] Resolved module firebase-functions {"declared":true,"installed":true,"version":"6.0.1","resolution":"D:\\web dev bootcamp (Prof. Angela)\\amazon-Clone\\amazon-clone\\functions\\node_modules\\firebase-functions\\lib\\v2\\index.js"} {"metadata":{"emulator":{"name":"functions"},"function":{"name":"us-central1-api"},"extension":{},"message":"[runtime-status] [32392] Resolved module firebase-functions {\"declared\":true,\"installed\":true,\"version\":\"6.0.1\",\"resolution\":\"D:\\\\web dev bootcamp (Prof. Angela)\\\\amazon-Clone\\\\amazon-clone\\\\functions\\\\node_modules\\\\firebase-functions\\\\lib\\\\v2\\\\index.js\"}"}}
[debug] [2024-10-16T07:50:10.720Z] [runtime-status] [32392] Outgoing network have been stubbed. [{"name":"http","status":"mocked"},{"name":"http","status":"mocked"},{"name":"https","status":"mocked"},{"name":"https","status":"mocked"},{"name":"net","status":"mocked"}] {"metadata":{"emulator":{"name":"functions"},"function":{"name":"us-central1-api"},"extension":{},"message":"[runtime-status] [32392] Outgoing network have been stubbed. [{\"name\":\"http\",\"status\":\"mocked\"},{\"name\":\"http\",\"status\":\"mocked\"},{\"name\":\"https\",\"status\":\"mocked\"},{\"name\":\"https\",\"status\":\"mocked\"},{\"name\":\"net\",\"status\":\"mocked\"}]"}}
[debug] [2024-10-16T07:50:10.721Z] [runtime-status] [32392] Resolved module firebase-functions {"declared":true,"installed":true,"version":"6.0.1","resolution":"D:\\web dev bootcamp (Prof. Angela)\\amazon-Clone\\amazon-clone\\functions\\node_modules\\firebase-functions\\lib\\v2\\index.js"} {"metadata":{"emulator":{"name":"functions"},"function":{"name":"us-central1-api"},"extension":{},"message":"[runtime-status] [32392] Resolved module firebase-functions {\"declared\":true,\"installed\":true,\"version\":\"6.0.1\",\"resolution\":\"D:\\\\web dev bootcamp (Prof. Angela)\\\\amazon-Clone\\\\amazon-clone\\\\functions\\\\node_modules\\\\firebase-functions\\\\lib\\\\v2\\\\index.js\"}"}}
[debug] [2024-10-16T07:50:10.752Z] [runtime-status] [26512] Resolved module firebase-admin {"declared":true,"installed":true,"version":"12.6.0","resolution":"D:\\web dev bootcamp (Prof. Angela)\\amazon-Clone\\amazon-clone\\functions\\node_modules\\firebase-admin\\lib\\index.js"} {"metadata":{"emulator":{"name":"functions"},"function":{"name":"us-central1-api"},"extension":{},"message":"[runtime-status] [26512] Resolved module firebase-admin {\"declared\":true,\"installed\":true,\"version\":\"12.6.0\",\"resolution\":\"D:\\\\web dev bootcamp (Prof. Angela)\\\\amazon-Clone\\\\amazon-clone\\\\functions\\\\node_modules\\\\firebase-admin\\\\lib\\\\index.js\"}"}}
[debug] [2024-10-16T07:50:10.754Z] [runtime-status] [26512] Resolved module firebase-functions {"declared":true,"installed":true,"version":"6.0.1","resolution":"D:\\web dev bootcamp (Prof. Angela)\\amazon-Clone\\amazon-clone\\functions\\node_modules\\firebase-functions\\lib\\v2\\index.js"} {"metadata":{"emulator":{"name":"functions"},"function":{"name":"us-central1-api"},"extension":{},"message":"[runtime-status] [26512] Resolved module firebase-functions {\"declared\":true,\"installed\":true,\"version\":\"6.0.1\",\"resolution\":\"D:\\\\web dev bootcamp (Prof. Angela)\\\\amazon-Clone\\\\amazon-clone\\\\functions\\\\node_modules\\\\firebase-functions\\\\lib\\\\v2\\\\index.js\"}"}}
[debug] [2024-10-16T07:50:10.755Z] [runtime-status] [26512] Outgoing network have been stubbed. [{"name":"http","status":"mocked"},{"name":"http","status":"mocked"},{"name":"https","status":"mocked"},{"name":"https","status":"mocked"},{"name":"net","status":"mocked"}] {"metadata":{"emulator":{"name":"functions"},"function":{"name":"us-central1-api"},"extension":{},"message":"[runtime-status] [26512] Outgoing network have been stubbed. [{\"name\":\"http\",\"status\":\"mocked\"},{\"name\":\"http\",\"status\":\"mocked\"},{\"name\":\"https\",\"status\":\"mocked\"},{\"name\":\"https\",\"status\":\"mocked\"},{\"name\":\"net\",\"status\":\"mocked\"}]"}}
[debug] [2024-10-16T07:50:10.756Z] [runtime-status] [26512] Resolved module firebase-functions {"declared":true,"installed":true,"version":"6.0.1","resolution":"D:\\web dev bootcamp (Prof. Angela)\\amazon-Clone\\amazon-clone\\functions\\node_modules\\firebase-functions\\lib\\v2\\index.js"} {"metadata":{"emulator":{"name":"functions"},"function":{"name":"us-central1-api"},"extension":{},"message":"[runtime-status] [26512] Resolved module firebase-functions {\"declared\":true,\"installed\":true,\"version\":\"6.0.1\",\"resolution\":\"D:\\\\web dev bootcamp (Prof. Angela)\\\\amazon-Clone\\\\amazon-clone\\\\functions\\\\node_modules\\\\firebase-functions\\\\lib\\\\v2\\\\index.js\"}"}}
[debug] [2024-10-16T07:50:11.121Z] [runtime-status] [32392] Checked functions.config() {"config":{}} {"metadata":{"emulator":{"name":"functions"},"function":{"name":"us-central1-api"},"extension":{},"message":"[runtime-status] [32392] Checked functions.config() {\"config\":{}}"}}
[debug] [2024-10-16T07:50:11.122Z] [runtime-status] [32392] firebase-functions has been stubbed. {"functionsResolution":{"declared":true,"installed":true,"version":"6.0.1","resolution":"D:\\web dev bootcamp (Prof. Angela)\\amazon-Clone\\amazon-clone\\functions\\node_modules\\firebase-functions\\lib\\v2\\index.js"}} {"metadata":{"emulator":{"name":"functions"},"function":{"name":"us-central1-api"},"extension":{},"message":"[runtime-status] [32392] firebase-functions has been stubbed. {\"functionsResolution\":{\"declared\":true,\"installed\":true,\"version\":\"6.0.1\",\"resolution\":\"D:\\\\web dev bootcamp (Prof. Angela)\\\\amazon-Clone\\\\amazon-clone\\\\functions\\\\node_modules\\\\firebase-functions\\\\lib\\\\v2\\\\index.js\"}}"}}
[debug] [2024-10-16T07:50:11.123Z] [runtime-status] [32392] Resolved module firebase-functions {"declared":true,"installed":true,"version":"6.0.1","resolution":"D:\\web dev bootcamp (Prof. Angela)\\amazon-Clone\\amazon-clone\\functions\\node_modules\\firebase-functions\\lib\\v2\\index.js"} {"metadata":{"emulator":{"name":"functions"},"function":{"name":"us-central1-api"},"extension":{},"message":"[runtime-status] [32392] Resolved module firebase-functions {\"declared\":true,\"installed\":true,\"version\":\"6.0.1\",\"resolution\":\"D:\\\\web dev bootcamp (Prof. Angela)\\\\amazon-Clone\\\\amazon-clone\\\\functions\\\\node_modules\\\\firebase-functions\\\\lib\\\\v2\\\\index.js\"}"}}
[debug] [2024-10-16T07:50:11.128Z] [runtime-status] [32392] Resolved module firebase-admin {"declared":true,"installed":true,"version":"12.6.0","resolution":"D:\\web dev bootcamp (Prof. Angela)\\amazon-Clone\\amazon-clone\\functions\\node_modules\\firebase-admin\\lib\\index.js"} {"metadata":{"emulator":{"name":"functions"},"function":{"name":"us-central1-api"},"extension":{},"message":"[runtime-status] [32392] Resolved module firebase-admin {\"declared\":true,\"installed\":true,\"version\":\"12.6.0\",\"resolution\":\"D:\\\\web dev bootcamp (Prof. Angela)\\\\amazon-Clone\\\\amazon-clone\\\\functions\\\\node_modules\\\\firebase-admin\\\\lib\\\\index.js\"}"}}
[debug] [2024-10-16T07:50:11.131Z] [runtime-status] [32392] Resolved module firebase-functions {"declared":true,"installed":true,"version":"6.0.1","resolution":"D:\\web dev bootcamp (Prof. Angela)\\amazon-Clone\\amazon-clone\\functions\\node_modules\\firebase-functions\\lib\\v2\\index.js"} {"metadata":{"emulator":{"name":"functions"},"function":{"name":"us-central1-api"},"extension":{},"message":"[runtime-status] [32392] Resolved module firebase-functions {\"declared\":true,\"installed\":true,\"version\":\"6.0.1\",\"resolution\":\"D:\\\\web dev bootcamp (Prof. Angela)\\\\amazon-Clone\\\\amazon-clone\\\\functions\\\\node_modules\\\\firebase-functions\\\\lib\\\\v2\\\\index.js\"}"}}
[debug] [2024-10-16T07:50:11.132Z] [runtime-status] [32392] firebase-admin has been stubbed. {"adminResolution":{"declared":true,"installed":true,"version":"12.6.0","resolution":"D:\\web dev bootcamp (Prof. Angela)\\amazon-Clone\\amazon-clone\\functions\\node_modules\\firebase-admin\\lib\\index.js"}} {"metadata":{"emulator":{"name":"functions"},"function":{"name":"us-central1-api"},"extension":{},"message":"[runtime-status] [32392] firebase-admin has been stubbed. {\"adminResolution\":{\"declared\":true,\"installed\":true,\"version\":\"12.6.0\",\"resolution\":\"D:\\\\web dev bootcamp (Prof. Angela)\\\\amazon-Clone\\\\amazon-clone\\\\functions\\\\node_modules\\\\firebase-admin\\\\lib\\\\index.js\"}}"}}
[debug] [2024-10-16T07:50:11.142Z] [runtime-status] [26512] Checked functions.config() {"config":{}} {"metadata":{"emulator":{"name":"functions"},"function":{"name":"us-central1-api"},"extension":{},"message":"[runtime-status] [26512] Checked functions.config() {\"config\":{}}"}}
[debug] [2024-10-16T07:50:11.143Z] [runtime-status] [26512] firebase-functions has been stubbed. {"functionsResolution":{"declared":true,"installed":true,"version":"6.0.1","resolution":"D:\\web dev bootcamp (Prof. Angela)\\amazon-Clone\\amazon-clone\\functions\\node_modules\\firebase-functions\\lib\\v2\\index.js"}} {"metadata":{"emulator":{"name":"functions"},"function":{"name":"us-central1-api"},"extension":{},"message":"[runtime-status] [26512] firebase-functions has been stubbed. {\"functionsResolution\":{\"declared\":true,\"installed\":true,\"version\":\"6.0.1\",\"resolution\":\"D:\\\\web dev bootcamp (Prof. Angela)\\\\amazon-Clone\\\\amazon-clone\\\\functions\\\\node_modules\\\\firebase-functions\\\\lib\\\\v2\\\\index.js\"}}"}}
[debug] [2024-10-16T07:50:11.144Z] [runtime-status] [26512] Resolved module firebase-functions {"declared":true,"installed":true,"version":"6.0.1","resolution":"D:\\web dev bootcamp (Prof. Angela)\\amazon-Clone\\amazon-clone\\functions\\node_modules\\firebase-functions\\lib\\v2\\index.js"} {"metadata":{"emulator":{"name":"functions"},"function":{"name":"us-central1-api"},"extension":{},"message":"[runtime-status] [26512] Resolved module firebase-functions {\"declared\":true,\"installed\":true,\"version\":\"6.0.1\",\"resolution\":\"D:\\\\web dev bootcamp (Prof. Angela)\\\\amazon-Clone\\\\amazon-clone\\\\functions\\\\node_modules\\\\firebase-functions\\\\lib\\\\v2\\\\index.js\"}"}}
[debug] [2024-10-16T07:50:11.150Z] [runtime-status] [26512] Resolved module firebase-admin {"declared":true,"installed":true,"version":"12.6.0","resolution":"D:\\web dev bootcamp (Prof. Angela)\\amazon-Clone\\amazon-clone\\functions\\node_modules\\firebase-admin\\lib\\index.js"} {"metadata":{"emulator":{"name":"functions"},"function":{"name":"us-central1-api"},"extension":{},"message":"[runtime-status] [26512] Resolved module firebase-admin {\"declared\":true,\"installed\":true,\"version\":\"12.6.0\",\"resolution\":\"D:\\\\web dev bootcamp (Prof. Angela)\\\\amazon-Clone\\\\amazon-clone\\\\functions\\\\node_modules\\\\firebase-admin\\\\lib\\\\index.js\"}"}}
[debug] [2024-10-16T07:50:11.154Z] [runtime-status] [26512] Resolved module firebase-functions {"declared":true,"installed":true,"version":"6.0.1","resolution":"D:\\web dev bootcamp (Prof. Angela)\\amazon-Clone\\amazon-clone\\functions\\node_modules\\firebase-functions\\lib\\v2\\index.js"} {"metadata":{"emulator":{"name":"functions"},"function":{"name":"us-central1-api"},"extension":{},"message":"[runtime-status] [26512] Resolved module firebase-functions {\"declared\":true,\"installed\":true,\"version\":\"6.0.1\",\"resolution\":\"D:\\\\web dev bootcamp (Prof. Angela)\\\\amazon-Clone\\\\amazon-clone\\\\functions\\\\node_modules\\\\firebase-functions\\\\lib\\\\v2\\\\index.js\"}"}}
[debug] [2024-10-16T07:50:11.154Z] [runtime-status] [26512] firebase-admin has been stubbed. {"adminResolution":{"declared":true,"installed":true,"version":"12.6.0","resolution":"D:\\web dev bootcamp (Prof. Angela)\\amazon-Clone\\amazon-clone\\functions\\node_modules\\firebase-admin\\lib\\index.js"}} {"metadata":{"emulator":{"name":"functions"},"function":{"name":"us-central1-api"},"extension":{},"message":"[runtime-status] [26512] firebase-admin has been stubbed. {\"adminResolution\":{\"declared\":true,\"installed\":true,\"version\":\"12.6.0\",\"resolution\":\"D:\\\\web dev bootcamp (Prof. Angela)\\\\amazon-Clone\\\\amazon-clone\\\\functions\\\\node_modules\\\\firebase-admin\\\\lib\\\\index.js\"}}"}}
[debug] [2024-10-16T07:50:11.446Z] [runtime-status] [32392] Functions runtime initialized. {"cwd":"D:\\web dev bootcamp (Prof. Angela)\\amazon-Clone\\amazon-clone\\functions","node_version":"20.15.1"} {"metadata":{"emulator":{"name":"functions"},"function":{"name":"us-central1-api"},"extension":{},"message":"[runtime-status] [32392] Functions runtime initialized. {\"cwd\":\"D:\\\\web dev bootcamp (Prof. Angela)\\\\amazon-Clone\\\\amazon-clone\\\\functions\",\"node_version\":\"20.15.1\"}"}}
[debug] [2024-10-16T07:50:11.447Z] [runtime-status] [32392] Listening to port: \\?\pipe\fire_emu_a6022dcae8d55800 {"metadata":{"emulator":{"name":"functions"},"function":{"name":"us-central1-api"},"extension":{},"message":"[runtime-status] [32392] Listening to port: \\\\?\\pipe\\fire_emu_a6022dcae8d55800"}}
[debug] [2024-10-16T07:50:11.466Z] [runtime-status] [26512] Functions runtime initialized. {"cwd":"D:\\web dev bootcamp (Prof. Angela)\\amazon-Clone\\amazon-clone\\functions","node_version":"20.15.1"} {"metadata":{"emulator":{"name":"functions"},"function":{"name":"us-central1-api"},"extension":{},"message":"[runtime-status] [26512] Functions runtime initialized. {\"cwd\":\"D:\\\\web dev bootcamp (Prof. Angela)\\\\amazon-Clone\\\\amazon-clone\\\\functions\",\"node_version\":\"20.15.1\"}"}}
[debug] [2024-10-16T07:50:11.467Z] [runtime-status] [26512] Listening to port: \\?\pipe\fire_emu_35523cfcfd9843e2 {"metadata":{"emulator":{"name":"functions"},"function":{"name":"us-central1-api"},"extension":{},"message":"[runtime-status] [26512] Listening to port: \\\\?\\pipe\\fire_emu_35523cfcfd9843e2"}}
[debug] [2024-10-16T07:50:11.480Z] [worker-us-central1-api-ade5d98d-cca4-47b6-b223-330b587b3e60]: IDLE {"metadata":{"emulator":{"name":"functions"},"function":{"name":"us-central1-api"},"extension":{},"message":"[worker-us-central1-api-ade5d98d-cca4-47b6-b223-330b587b3e60]: IDLE"}}
[debug] [2024-10-16T07:50:11.480Z] [worker-pool] submitRequest(triggerId=us-central1-api) {"metadata":{"emulator":{"name":"functions"},"message":"[worker-pool] submitRequest(triggerId=us-central1-api)"}}
[info] i  functions: Beginning execution of "us-central1-api" {"metadata":{"emulator":{"name":"functions"},"function":{"name":"us-central1-api"},"extension":{},"message":"Beginning execution of \"us-central1-api\""}}
[debug] [2024-10-16T07:50:11.482Z] [worker-us-central1-api-ade5d98d-cca4-47b6-b223-330b587b3e60]: BUSY {"metadata":{"emulator":{"name":"functions"},"function":{"name":"us-central1-api"},"extension":{},"message":"[worker-us-central1-api-ade5d98d-cca4-47b6-b223-330b587b3e60]: BUSY"}}
[debug] [2024-10-16T07:50:11.498Z] Finishing up request with event=pause {"metadata":{"emulator":{"name":"functions"},"function":{"name":"us-central1-api"},"extension":{},"message":"Finishing up request with event=pause"}}
[info] i  functions: Finished "us-central1-api" in 16.7512ms {"metadata":{"emulator":{"name":"functions"},"function":{"name":"us-central1-api"},"extension":{},"message":"Finished \"us-central1-api\" in 16.7512ms"}}
[debug] [2024-10-16T07:50:11.499Z] [worker-us-central1-api-ade5d98d-cca4-47b6-b223-330b587b3e60]: IDLE {"metadata":{"emulator":{"name":"functions"},"function":{"name":"us-central1-api"},"extension":{},"message":"[worker-us-central1-api-ade5d98d-cca4-47b6-b223-330b587b3e60]: IDLE"}}
[debug] [2024-10-16T07:50:11.500Z] Finishing up request with event=finish {"metadata":{"emulator":{"name":"functions"},"function":{"name":"us-central1-api"},"extension":{},"message":"Finishing up request with event=finish"}}
[debug] [2024-10-16T07:50:11.500Z] Finishing up request with event=close {"metadata":{"emulator":{"name":"functions"},"function":{"name":"us-central1-api"},"extension":{},"message":"Finishing up request with event=close"}}
[debug] [2024-10-16T07:50:11.500Z] [work-queue] {"queuedWork":[],"queueLength":0,"runningWork":["/clone-2676d/us-central1/api/payments/create-2024-10-16T07:50:08.492Z"],"workRunningCount":1}
[debug] [2024-10-16T07:50:11.558Z] [worker-us-central1-api-9736a910-714f-4fc8-a4b5-e2d852cfbc4f]: IDLE {"metadata":{"emulator":{"name":"functions"},"function":{"name":"us-central1-api"},"extension":{},"message":"[worker-us-central1-api-9736a910-714f-4fc8-a4b5-e2d852cfbc4f]: IDLE"}}
[debug] [2024-10-16T07:50:11.558Z] [worker-pool] submitRequest(triggerId=us-central1-api) {"metadata":{"emulator":{"name":"functions"},"message":"[worker-pool] submitRequest(triggerId=us-central1-api)"}}
[info] i  functions: Beginning execution of "us-central1-api" {"metadata":{"emulator":{"name":"functions"},"function":{"name":"us-central1-api"},"extension":{},"message":"Beginning execution of \"us-central1-api\""}}
[debug] [2024-10-16T07:50:11.559Z] [worker-us-central1-api-9736a910-714f-4fc8-a4b5-e2d852cfbc4f]: BUSY {"metadata":{"emulator":{"name":"functions"},"function":{"name":"us-central1-api"},"extension":{},"message":"[worker-us-central1-api-9736a910-714f-4fc8-a4b5-e2d852cfbc4f]: BUSY"}}
[debug] [2024-10-16T07:50:11.569Z] Finishing up request with event=pause {"metadata":{"emulator":{"name":"functions"},"function":{"name":"us-central1-api"},"extension":{},"message":"Finishing up request with event=pause"}}
[info] i  functions: Finished "us-central1-api" in 9.8423ms {"metadata":{"emulator":{"name":"functions"},"function":{"name":"us-central1-api"},"extension":{},"message":"Finished \"us-central1-api\" in 9.8423ms"}}
[debug] [2024-10-16T07:50:11.570Z] [worker-us-central1-api-9736a910-714f-4fc8-a4b5-e2d852cfbc4f]: IDLE {"metadata":{"emulator":{"name":"functions"},"function":{"name":"us-central1-api"},"extension":{},"message":"[worker-us-central1-api-9736a910-714f-4fc8-a4b5-e2d852cfbc4f]: IDLE"}}
[debug] [2024-10-16T07:50:11.570Z] Finishing up request with event=finish {"metadata":{"emulator":{"name":"functions"},"function":{"name":"us-central1-api"},"extension":{},"message":"Finishing up request with event=finish"}}
[debug] [2024-10-16T07:50:11.570Z] Finishing up request with event=close {"metadata":{"emulator":{"name":"functions"},"function":{"name":"us-central1-api"},"extension":{},"message":"Finishing up request with event=close"}}
[debug] [2024-10-16T07:50:11.570Z] [work-queue] {"queuedWork":[],"queueLength":0,"runningWork":[],"workRunningCount":0}
[debug] [2024-10-16T07:55:07.682Z] File D:\web dev bootcamp (Prof. Angela)\amazon-Clone\amazon-clone\functions\index.js changed, reloading triggers {"metadata":{"emulator":{"name":"functions"},"message":"File D:\\web dev bootcamp (Prof. Angela)\\amazon-Clone\\amazon-clone\\functions\\index.js changed, reloading triggers"}}
[debug] [2024-10-16T07:55:08.695Z] Validating nodejs source
[debug] [2024-10-16T07:55:10.715Z] > [functions] package.json contents: {
  "name": "functions",
  "description": "Cloud Functions for Firebase",
  "scripts": {
    "lint": "eslint .",
    "serve": "firebase emulators:start --only functions",
    "shell": "firebase functions:shell",
    "start": "npm run shell",
    "deploy": "firebase deploy --only functions",
    "logs": "firebase functions:log"
  },
  "engines": {
    "node": "20"
  },
  "main": "index.js",
  "dependencies": {
    "firebase-admin": "^12.1.0",
    "firebase-functions": "^6.0.1",
    "functions": "file:"
  },
  "devDependencies": {
    "eslint": "^8.15.0",
    "eslint-config-google": "^0.14.0",
    "firebase-functions-test": "^3.1.0"
  },
  "private": true
}
[debug] [2024-10-16T07:55:10.716Z] Building nodejs source
[debug] [2024-10-16T07:55:10.716Z] Failed to find version of module node: reached end of search path D:\web dev bootcamp (Prof. Angela)\amazon-Clone\amazon-clone\functions\node_modules
[info] +  functions: Using node@20 from host. 
[debug] [2024-10-16T07:55:10.717Z] Could not find functions.yaml. Must use http discovery
[debug] [2024-10-16T07:55:10.729Z] Found firebase-functions binary at 'D:\web dev bootcamp (Prof. Angela)\amazon-Clone\amazon-clone\functions\node_modules\.bin\firebase-functions'
[info] Serving at port 8211

[debug] [2024-10-16T07:55:11.667Z] Got response from /__/functions.yaml {"endpoints":{"api":{"availableMemoryMb":null,"timeoutSeconds":null,"minInstances":null,"maxInstances":null,"ingressSettings":null,"concurrency":null,"serviceAccountEmail":null,"vpc":null,"platform":"gcfv2","labels":{},"httpsTrigger":{},"entryPoint":"api"}},"specVersion":"v1alpha1","requiredAPIs":[],"extensions":{}}
[debug] [2024-10-16T07:55:16.709Z] defaultcredentials: writing to file C:\Users\anike\AppData\Roaming\firebase\aniketkorwa_gmail_com_application_default_credentials.json
[debug] [2024-10-16T07:55:16.710Z] Setting GAC to C:\Users\anike\AppData\Roaming\firebase\aniketkorwa_gmail_com_application_default_credentials.json {"metadata":{"emulator":{"name":"functions"},"message":"Setting GAC to C:\\Users\\anike\\AppData\\Roaming\\firebase\\aniketkorwa_gmail_com_application_default_credentials.json"}}
[info] +  functions: Loaded functions definitions from source: api. {"metadata":{"emulator":{"name":"functions"},"message":"Loaded functions definitions from source: api."}}
[debug] [2024-10-16T07:55:16.712Z] [worker-pool] Shutting down IDLE worker (us-central1-api) {"metadata":{"emulator":{"name":"functions"},"message":"[worker-pool] Shutting down IDLE worker (us-central1-api)"}}
[debug] [2024-10-16T07:55:16.712Z] [worker-us-central1-api-9736a910-714f-4fc8-a4b5-e2d852cfbc4f]: FINISHING {"metadata":{"emulator":{"name":"functions"},"function":{"name":"us-central1-api"},"extension":{},"message":"[worker-us-central1-api-9736a910-714f-4fc8-a4b5-e2d852cfbc4f]: FINISHING"}}
[debug] [2024-10-16T07:55:16.712Z] [worker-pool] Shutting down IDLE worker (us-central1-api) {"metadata":{"emulator":{"name":"functions"},"message":"[worker-pool] Shutting down IDLE worker (us-central1-api)"}}
[debug] [2024-10-16T07:55:16.712Z] [worker-us-central1-api-ade5d98d-cca4-47b6-b223-330b587b3e60]: FINISHING {"metadata":{"emulator":{"name":"functions"},"function":{"name":"us-central1-api"},"extension":{},"message":"[worker-us-central1-api-ade5d98d-cca4-47b6-b223-330b587b3e60]: FINISHING"}}
[debug] [2024-10-16T07:55:16.726Z] [worker-us-central1-api-9736a910-714f-4fc8-a4b5-e2d852cfbc4f]: exited {"metadata":{"emulator":{"name":"functions"},"function":{"name":"us-central1-api"},"extension":{},"message":"[worker-us-central1-api-9736a910-714f-4fc8-a4b5-e2d852cfbc4f]: exited"}}
[debug] [2024-10-16T07:55:16.726Z] [worker-us-central1-api-9736a910-714f-4fc8-a4b5-e2d852cfbc4f]: FINISHED {"metadata":{"emulator":{"name":"functions"},"function":{"name":"us-central1-api"},"extension":{},"message":"[worker-us-central1-api-9736a910-714f-4fc8-a4b5-e2d852cfbc4f]: FINISHED"}}
[debug] [2024-10-16T07:55:16.726Z] [worker-us-central1-api-ade5d98d-cca4-47b6-b223-330b587b3e60]: exited {"metadata":{"emulator":{"name":"functions"},"function":{"name":"us-central1-api"},"extension":{},"message":"[worker-us-central1-api-ade5d98d-cca4-47b6-b223-330b587b3e60]: exited"}}
[debug] [2024-10-16T07:55:16.726Z] [worker-us-central1-api-ade5d98d-cca4-47b6-b223-330b587b3e60]: FINISHED {"metadata":{"emulator":{"name":"functions"},"function":{"name":"us-central1-api"},"extension":{},"message":"[worker-us-central1-api-ade5d98d-cca4-47b6-b223-330b587b3e60]: FINISHED"}}
[debug] [2024-10-16T07:55:18.118Z] [work-queue] {"queuedWork":["/clone-2676d/us-central1/api/payment/create-2024-10-16T07:55:18.118Z"],"queueLength":1,"runningWork":[],"workRunningCount":0}
[debug] [2024-10-16T07:55:18.118Z] [work-queue] {"queuedWork":[],"queueLength":0,"runningWork":["/clone-2676d/us-central1/api/payment/create-2024-10-16T07:55:18.118Z"],"workRunningCount":1}
[debug] [2024-10-16T07:55:18.118Z] Accepted request POST /clone-2676d/us-central1/api/payment/create?total=1000 --> us-central1-api
[debug] [2024-10-16T07:55:18.121Z] [functions] Runtime ready! Sending request! {"metadata":{"emulator":{"name":"functions"},"message":"[functions] Runtime ready! Sending request!"}}
[debug] [2024-10-16T07:55:18.121Z] [functions] Got req.url=/clone-2676d/us-central1/api/payment/create?total=1000, mapping to path=/payment/create?total=1000 {"metadata":{"emulator":{"name":"functions"},"message":"[functions] Got req.url=/clone-2676d/us-central1/api/payment/create?total=1000, mapping to path=/payment/create?total=1000"}}
[debug] [2024-10-16T07:55:18.122Z] [worker-pool] Cleaned up workers for us-central1-api: 2 --> 0 {"metadata":{"emulator":{"name":"functions"},"message":"[worker-pool] Cleaned up workers for us-central1-api: 2 --> 0"}}
[debug] [2024-10-16T07:55:18.130Z] [worker-pool] addWorker(us-central1-api) {"metadata":{"emulator":{"name":"functions"},"message":"[worker-pool] addWorker(us-central1-api)"}}
[debug] [2024-10-16T07:55:18.131Z] [worker-pool] Adding worker with key us-central1-api, total=1 {"metadata":{"emulator":{"name":"functions"},"message":"[worker-pool] Adding worker with key us-central1-api, total=1"}}
[debug] [2024-10-16T07:55:20.220Z] [runtime-status] [1436] Resolved module firebase-admin {"declared":true,"installed":true,"version":"12.6.0","resolution":"D:\\web dev bootcamp (Prof. Angela)\\amazon-Clone\\amazon-clone\\functions\\node_modules\\firebase-admin\\lib\\index.js"} {"metadata":{"emulator":{"name":"functions"},"function":{"name":"us-central1-api"},"extension":{},"message":"[runtime-status] [1436] Resolved module firebase-admin {\"declared\":true,\"installed\":true,\"version\":\"12.6.0\",\"resolution\":\"D:\\\\web dev bootcamp (Prof. Angela)\\\\amazon-Clone\\\\amazon-clone\\\\functions\\\\node_modules\\\\firebase-admin\\\\lib\\\\index.js\"}"}}
[debug] [2024-10-16T07:55:20.223Z] [runtime-status] [1436] Resolved module firebase-functions {"declared":true,"installed":true,"version":"6.0.1","resolution":"D:\\web dev bootcamp (Prof. Angela)\\amazon-Clone\\amazon-clone\\functions\\node_modules\\firebase-functions\\lib\\v2\\index.js"} {"metadata":{"emulator":{"name":"functions"},"function":{"name":"us-central1-api"},"extension":{},"message":"[runtime-status] [1436] Resolved module firebase-functions {\"declared\":true,\"installed\":true,\"version\":\"6.0.1\",\"resolution\":\"D:\\\\web dev bootcamp (Prof. Angela)\\\\amazon-Clone\\\\amazon-clone\\\\functions\\\\node_modules\\\\firebase-functions\\\\lib\\\\v2\\\\index.js\"}"}}
[debug] [2024-10-16T07:55:20.223Z] [runtime-status] [1436] Outgoing network have been stubbed. [{"name":"http","status":"mocked"},{"name":"http","status":"mocked"},{"name":"https","status":"mocked"},{"name":"https","status":"mocked"},{"name":"net","status":"mocked"}] {"metadata":{"emulator":{"name":"functions"},"function":{"name":"us-central1-api"},"extension":{},"message":"[runtime-status] [1436] Outgoing network have been stubbed. [{\"name\":\"http\",\"status\":\"mocked\"},{\"name\":\"http\",\"status\":\"mocked\"},{\"name\":\"https\",\"status\":\"mocked\"},{\"name\":\"https\",\"status\":\"mocked\"},{\"name\":\"net\",\"status\":\"mocked\"}]"}}
[debug] [2024-10-16T07:55:20.224Z] [runtime-status] [1436] Resolved module firebase-functions {"declared":true,"installed":true,"version":"6.0.1","resolution":"D:\\web dev bootcamp (Prof. Angela)\\amazon-Clone\\amazon-clone\\functions\\node_modules\\firebase-functions\\lib\\v2\\index.js"} {"metadata":{"emulator":{"name":"functions"},"function":{"name":"us-central1-api"},"extension":{},"message":"[runtime-status] [1436] Resolved module firebase-functions {\"declared\":true,\"installed\":true,\"version\":\"6.0.1\",\"resolution\":\"D:\\\\web dev bootcamp (Prof. Angela)\\\\amazon-Clone\\\\amazon-clone\\\\functions\\\\node_modules\\\\firebase-functions\\\\lib\\\\v2\\\\index.js\"}"}}
[debug] [2024-10-16T07:55:20.618Z] [runtime-status] [1436] Checked functions.config() {"config":{}} {"metadata":{"emulator":{"name":"functions"},"function":{"name":"us-central1-api"},"extension":{},"message":"[runtime-status] [1436] Checked functions.config() {\"config\":{}}"}}
[debug] [2024-10-16T07:55:20.618Z] [runtime-status] [1436] firebase-functions has been stubbed. {"functionsResolution":{"declared":true,"installed":true,"version":"6.0.1","resolution":"D:\\web dev bootcamp (Prof. Angela)\\amazon-Clone\\amazon-clone\\functions\\node_modules\\firebase-functions\\lib\\v2\\index.js"}} {"metadata":{"emulator":{"name":"functions"},"function":{"name":"us-central1-api"},"extension":{},"message":"[runtime-status] [1436] firebase-functions has been stubbed. {\"functionsResolution\":{\"declared\":true,\"installed\":true,\"version\":\"6.0.1\",\"resolution\":\"D:\\\\web dev bootcamp (Prof. Angela)\\\\amazon-Clone\\\\amazon-clone\\\\functions\\\\node_modules\\\\firebase-functions\\\\lib\\\\v2\\\\index.js\"}}"}}
[debug] [2024-10-16T07:55:20.619Z] [runtime-status] [1436] Resolved module firebase-functions {"declared":true,"installed":true,"version":"6.0.1","resolution":"D:\\web dev bootcamp (Prof. Angela)\\amazon-Clone\\amazon-clone\\functions\\node_modules\\firebase-functions\\lib\\v2\\index.js"} {"metadata":{"emulator":{"name":"functions"},"function":{"name":"us-central1-api"},"extension":{},"message":"[runtime-status] [1436] Resolved module firebase-functions {\"declared\":true,\"installed\":true,\"version\":\"6.0.1\",\"resolution\":\"D:\\\\web dev bootcamp (Prof. Angela)\\\\amazon-Clone\\\\amazon-clone\\\\functions\\\\node_modules\\\\firebase-functions\\\\lib\\\\v2\\\\index.js\"}"}}
[debug] [2024-10-16T07:55:20.625Z] [runtime-status] [1436] Resolved module firebase-admin {"declared":true,"installed":true,"version":"12.6.0","resolution":"D:\\web dev bootcamp (Prof. Angela)\\amazon-Clone\\amazon-clone\\functions\\node_modules\\firebase-admin\\lib\\index.js"} {"metadata":{"emulator":{"name":"functions"},"function":{"name":"us-central1-api"},"extension":{},"message":"[runtime-status] [1436] Resolved module firebase-admin {\"declared\":true,\"installed\":true,\"version\":\"12.6.0\",\"resolution\":\"D:\\\\web dev bootcamp (Prof. Angela)\\\\amazon-Clone\\\\amazon-clone\\\\functions\\\\node_modules\\\\firebase-admin\\\\lib\\\\index.js\"}"}}
[debug] [2024-10-16T07:55:20.629Z] [runtime-status] [1436] Resolved module firebase-functions {"declared":true,"installed":true,"version":"6.0.1","resolution":"D:\\web dev bootcamp (Prof. Angela)\\amazon-Clone\\amazon-clone\\functions\\node_modules\\firebase-functions\\lib\\v2\\index.js"} {"metadata":{"emulator":{"name":"functions"},"function":{"name":"us-central1-api"},"extension":{},"message":"[runtime-status] [1436] Resolved module firebase-functions {\"declared\":true,\"installed\":true,\"version\":\"6.0.1\",\"resolution\":\"D:\\\\web dev bootcamp (Prof. Angela)\\\\amazon-Clone\\\\amazon-clone\\\\functions\\\\node_modules\\\\firebase-functions\\\\lib\\\\v2\\\\index.js\"}"}}
[debug] [2024-10-16T07:55:20.629Z] [runtime-status] [1436] firebase-admin has been stubbed. {"adminResolution":{"declared":true,"installed":true,"version":"12.6.0","resolution":"D:\\web dev bootcamp (Prof. Angela)\\amazon-Clone\\amazon-clone\\functions\\node_modules\\firebase-admin\\lib\\index.js"}} {"metadata":{"emulator":{"name":"functions"},"function":{"name":"us-central1-api"},"extension":{},"message":"[runtime-status] [1436] firebase-admin has been stubbed. {\"adminResolution\":{\"declared\":true,\"installed\":true,\"version\":\"12.6.0\",\"resolution\":\"D:\\\\web dev bootcamp (Prof. Angela)\\\\amazon-Clone\\\\amazon-clone\\\\functions\\\\node_modules\\\\firebase-admin\\\\lib\\\\index.js\"}}"}}
[debug] [2024-10-16T07:55:20.924Z] [runtime-status] [1436] Functions runtime initialized. {"cwd":"D:\\web dev bootcamp (Prof. Angela)\\amazon-Clone\\amazon-clone\\functions","node_version":"20.15.1"} {"metadata":{"emulator":{"name":"functions"},"function":{"name":"us-central1-api"},"extension":{},"message":"[runtime-status] [1436] Functions runtime initialized. {\"cwd\":\"D:\\\\web dev bootcamp (Prof. Angela)\\\\amazon-Clone\\\\amazon-clone\\\\functions\",\"node_version\":\"20.15.1\"}"}}
[debug] [2024-10-16T07:55:20.925Z] [runtime-status] [1436] Listening to port: \\?\pipe\fire_emu_73b365d0d529283f {"metadata":{"emulator":{"name":"functions"},"function":{"name":"us-central1-api"},"extension":{},"message":"[runtime-status] [1436] Listening to port: \\\\?\\pipe\\fire_emu_73b365d0d529283f"}}
[debug] [2024-10-16T07:55:20.978Z] [worker-us-central1-api-f1ef7b05-cd7c-4492-b85c-e4ed4e051ebd]: IDLE {"metadata":{"emulator":{"name":"functions"},"function":{"name":"us-central1-api"},"extension":{},"message":"[worker-us-central1-api-f1ef7b05-cd7c-4492-b85c-e4ed4e051ebd]: IDLE"}}
[debug] [2024-10-16T07:55:20.979Z] [worker-pool] submitRequest(triggerId=us-central1-api) {"metadata":{"emulator":{"name":"functions"},"message":"[worker-pool] submitRequest(triggerId=us-central1-api)"}}
[info] i  functions: Beginning execution of "us-central1-api" {"metadata":{"emulator":{"name":"functions"},"function":{"name":"us-central1-api"},"extension":{},"message":"Beginning execution of \"us-central1-api\""}}
[debug] [2024-10-16T07:55:20.980Z] [worker-us-central1-api-f1ef7b05-cd7c-4492-b85c-e4ed4e051ebd]: BUSY {"metadata":{"emulator":{"name":"functions"},"function":{"name":"us-central1-api"},"extension":{},"message":"[worker-us-central1-api-f1ef7b05-cd7c-4492-b85c-e4ed4e051ebd]: BUSY"}}
[info] >  Request body:  {} {"user":"Request body:  {}","metadata":{"emulator":{"name":"functions"},"function":{"name":"us-central1-api"},"extension":{},"message":"\u001b[90m> \u001b[39m Request body:  {}"}}
[info] >  Payment request received for this amount >>>  1000 {"user":"Payment request received for this amount >>>  1000","metadata":{"emulator":{"name":"functions"},"function":{"name":"us-central1-api"},"extension":{},"message":"\u001b[90m> \u001b[39m Payment request received for this amount >>>  1000"}}
[debug] [2024-10-16T07:55:22.441Z] Finishing up request with event=pause {"metadata":{"emulator":{"name":"functions"},"function":{"name":"us-central1-api"},"extension":{},"message":"Finishing up request with event=pause"}}
[info] i  functions: Finished "us-central1-api" in 1461.9554ms {"metadata":{"emulator":{"name":"functions"},"function":{"name":"us-central1-api"},"extension":{},"message":"Finished \"us-central1-api\" in 1461.9554ms"}}
[debug] [2024-10-16T07:55:22.443Z] [worker-us-central1-api-f1ef7b05-cd7c-4492-b85c-e4ed4e051ebd]: IDLE {"metadata":{"emulator":{"name":"functions"},"function":{"name":"us-central1-api"},"extension":{},"message":"[worker-us-central1-api-f1ef7b05-cd7c-4492-b85c-e4ed4e051ebd]: IDLE"}}
[debug] [2024-10-16T07:55:22.443Z] Finishing up request with event=finish {"metadata":{"emulator":{"name":"functions"},"function":{"name":"us-central1-api"},"extension":{},"message":"Finishing up request with event=finish"}}
[debug] [2024-10-16T07:55:22.443Z] Finishing up request with event=close {"metadata":{"emulator":{"name":"functions"},"function":{"name":"us-central1-api"},"extension":{},"message":"Finishing up request with event=close"}}
[debug] [2024-10-16T07:55:22.443Z] [work-queue] {"queuedWork":[],"queueLength":0,"runningWork":[],"workRunningCount":0}
[debug] [2024-10-16T07:57:43.071Z] [work-queue] {"queuedWork":["/clone-2676d/us-central1/api/payments/create-2024-10-16T07:57:43.071Z"],"queueLength":1,"runningWork":[],"workRunningCount":0}
[debug] [2024-10-16T07:57:43.071Z] [work-queue] {"queuedWork":[],"queueLength":0,"runningWork":["/clone-2676d/us-central1/api/payments/create-2024-10-16T07:57:43.071Z"],"workRunningCount":1}
[debug] [2024-10-16T07:57:43.072Z] Accepted request POST /clone-2676d/us-central1/api/payments/create?total=97998 --> us-central1-api
[debug] [2024-10-16T07:57:43.074Z] [functions] Runtime ready! Sending request! {"metadata":{"emulator":{"name":"functions"},"message":"[functions] Runtime ready! Sending request!"}}
[debug] [2024-10-16T07:57:43.074Z] [functions] Got req.url=/clone-2676d/us-central1/api/payments/create?total=97998, mapping to path=/payments/create?total=97998 {"metadata":{"emulator":{"name":"functions"},"message":"[functions] Got req.url=/clone-2676d/us-central1/api/payments/create?total=97998, mapping to path=/payments/create?total=97998"}}
[debug] [2024-10-16T07:57:43.074Z] [worker-pool] submitRequest(triggerId=us-central1-api) {"metadata":{"emulator":{"name":"functions"},"message":"[worker-pool] submitRequest(triggerId=us-central1-api)"}}
[info] i  functions: Beginning execution of "us-central1-api" {"metadata":{"emulator":{"name":"functions"},"function":{"name":"us-central1-api"},"extension":{},"message":"Beginning execution of \"us-central1-api\""}}
[debug] [2024-10-16T07:57:43.075Z] [worker-us-central1-api-f1ef7b05-cd7c-4492-b85c-e4ed4e051ebd]: BUSY {"metadata":{"emulator":{"name":"functions"},"function":{"name":"us-central1-api"},"extension":{},"message":"[worker-us-central1-api-f1ef7b05-cd7c-4492-b85c-e4ed4e051ebd]: BUSY"}}
[debug] [2024-10-16T07:57:43.082Z] Finishing up request with event=pause {"metadata":{"emulator":{"name":"functions"},"function":{"name":"us-central1-api"},"extension":{},"message":"Finishing up request with event=pause"}}
[info] i  functions: Finished "us-central1-api" in 6.7967ms {"metadata":{"emulator":{"name":"functions"},"function":{"name":"us-central1-api"},"extension":{},"message":"Finished \"us-central1-api\" in 6.7967ms"}}
[debug] [2024-10-16T07:57:43.083Z] [worker-us-central1-api-f1ef7b05-cd7c-4492-b85c-e4ed4e051ebd]: IDLE {"metadata":{"emulator":{"name":"functions"},"function":{"name":"us-central1-api"},"extension":{},"message":"[worker-us-central1-api-f1ef7b05-cd7c-4492-b85c-e4ed4e051ebd]: IDLE"}}
[debug] [2024-10-16T07:57:43.083Z] Finishing up request with event=finish {"metadata":{"emulator":{"name":"functions"},"function":{"name":"us-central1-api"},"extension":{},"message":"Finishing up request with event=finish"}}
[debug] [2024-10-16T07:57:43.083Z] Finishing up request with event=close {"metadata":{"emulator":{"name":"functions"},"function":{"name":"us-central1-api"},"extension":{},"message":"Finishing up request with event=close"}}
[debug] [2024-10-16T07:57:43.083Z] [work-queue] {"queuedWork":[],"queueLength":0,"runningWork":[],"workRunningCount":0}
[debug] [2024-10-16T07:59:22.624Z] [work-queue] {"queuedWork":["/clone-2676d/us-central1/api/payments/create-2024-10-16T07:59:22.624Z"],"queueLength":1,"runningWork":[],"workRunningCount":0}
[debug] [2024-10-16T07:59:22.625Z] [work-queue] {"queuedWork":[],"queueLength":0,"runningWork":["/clone-2676d/us-central1/api/payments/create-2024-10-16T07:59:22.624Z"],"workRunningCount":1}
[debug] [2024-10-16T07:59:22.625Z] Accepted request POST /clone-2676d/us-central1/api/payments/create?total=97998 --> us-central1-api
[debug] [2024-10-16T07:59:22.627Z] [functions] Runtime ready! Sending request! {"metadata":{"emulator":{"name":"functions"},"message":"[functions] Runtime ready! Sending request!"}}
[debug] [2024-10-16T07:59:22.628Z] [functions] Got req.url=/clone-2676d/us-central1/api/payments/create?total=97998, mapping to path=/payments/create?total=97998 {"metadata":{"emulator":{"name":"functions"},"message":"[functions] Got req.url=/clone-2676d/us-central1/api/payments/create?total=97998, mapping to path=/payments/create?total=97998"}}
[debug] [2024-10-16T07:59:22.628Z] [worker-pool] submitRequest(triggerId=us-central1-api) {"metadata":{"emulator":{"name":"functions"},"message":"[worker-pool] submitRequest(triggerId=us-central1-api)"}}
[info] i  functions: Beginning execution of "us-central1-api" {"metadata":{"emulator":{"name":"functions"},"function":{"name":"us-central1-api"},"extension":{},"message":"Beginning execution of \"us-central1-api\""}}
[debug] [2024-10-16T07:59:22.629Z] [worker-us-central1-api-f1ef7b05-cd7c-4492-b85c-e4ed4e051ebd]: BUSY {"metadata":{"emulator":{"name":"functions"},"function":{"name":"us-central1-api"},"extension":{},"message":"[worker-us-central1-api-f1ef7b05-cd7c-4492-b85c-e4ed4e051ebd]: BUSY"}}
[debug] [2024-10-16T07:59:22.633Z] Finishing up request with event=pause {"metadata":{"emulator":{"name":"functions"},"function":{"name":"us-central1-api"},"extension":{},"message":"Finishing up request with event=pause"}}
[info] i  functions: Finished "us-central1-api" in 4.1148ms {"metadata":{"emulator":{"name":"functions"},"function":{"name":"us-central1-api"},"extension":{},"message":"Finished \"us-central1-api\" in 4.1148ms"}}
[debug] [2024-10-16T07:59:22.634Z] [worker-us-central1-api-f1ef7b05-cd7c-4492-b85c-e4ed4e051ebd]: IDLE {"metadata":{"emulator":{"name":"functions"},"function":{"name":"us-central1-api"},"extension":{},"message":"[worker-us-central1-api-f1ef7b05-cd7c-4492-b85c-e4ed4e051ebd]: IDLE"}}
[debug] [2024-10-16T07:59:22.634Z] Finishing up request with event=finish {"metadata":{"emulator":{"name":"functions"},"function":{"name":"us-central1-api"},"extension":{},"message":"Finishing up request with event=finish"}}
[debug] [2024-10-16T07:59:22.634Z] Finishing up request with event=close {"metadata":{"emulator":{"name":"functions"},"function":{"name":"us-central1-api"},"extension":{},"message":"Finishing up request with event=close"}}
[debug] [2024-10-16T07:59:22.634Z] [work-queue] {"queuedWork":[],"queueLength":0,"runningWork":[],"workRunningCount":0}
[debug] [2024-10-16T08:01:37.208Z] File D:\web dev bootcamp (Prof. Angela)\amazon-Clone\amazon-clone\functions\index.js changed, reloading triggers {"metadata":{"emulator":{"name":"functions"},"message":"File D:\\web dev bootcamp (Prof. Angela)\\amazon-Clone\\amazon-clone\\functions\\index.js changed, reloading triggers"}}
